<?xml version="1.0" encoding="UTF-8"?>
<testsuite xmlns:xsi="http://www.w3.org/2001/XMLSchema-instance" xsi:noNamespaceSchemaLocation="https://maven.apache.org/surefire/maven-surefire-plugin/xsd/surefire-test-report-3.0.xsd" version="3.0" name="TestSuite" time="78.428" tests="8" errors="0" skipped="0" failures="0">
  <properties>
    <property name="java.specification.version" value="17"/>
    <property name="webdriver.chrome.driver" value="/home/pioc/.cache/selenium/chromedriver/linux64/133.0.6943.98/chromedriver"/>
    <property name="sun.jnu.encoding" value="UTF-8"/>
    <property name="java.class.path" value="/home/pioc/Downloads/intern-testing-framework/target/test-classes:/home/pioc/Downloads/intern-testing-framework/target/classes:/home/pioc/.m2/repository/org/slf4j/slf4j-simple/2.0.11/slf4j-simple-2.0.11.jar:/home/pioc/.m2/repository/org/slf4j/slf4j-api/2.0.11/slf4j-api-2.0.11.jar:/home/pioc/.m2/repository/io/qameta/allure/allure-testng/2.20.1/allure-testng-2.20.1.jar:/home/pioc/.m2/repository/io/qameta/allure/allure-java-commons/2.20.1/allure-java-commons-2.20.1.jar:/home/pioc/.m2/repository/io/qameta/allure/allure-model/2.20.1/allure-model-2.20.1.jar:/home/pioc/.m2/repository/io/qameta/allure/allure-test-filter/2.20.1/allure-test-filter-2.20.1.jar:/home/pioc/.m2/repository/io/rest-assured/rest-assured/5.4.0/rest-assured-5.4.0.jar:/home/pioc/.m2/repository/org/apache/groovy/groovy/4.0.16/groovy-4.0.16.jar:/home/pioc/.m2/repository/org/apache/groovy/groovy-xml/4.0.16/groovy-xml-4.0.16.jar:/home/pioc/.m2/repository/org/apache/httpcomponents/httpclient/4.5.13/httpclient-4.5.13.jar:/home/pioc/.m2/repository/org/apache/httpcomponents/httpcore/4.4.13/httpcore-4.4.13.jar:/home/pioc/.m2/repository/commons-logging/commons-logging/1.2/commons-logging-1.2.jar:/home/pioc/.m2/repository/commons-codec/commons-codec/1.11/commons-codec-1.11.jar:/home/pioc/.m2/repository/org/apache/httpcomponents/httpmime/4.5.13/httpmime-4.5.13.jar:/home/pioc/.m2/repository/org/hamcrest/hamcrest/2.2/hamcrest-2.2.jar:/home/pioc/.m2/repository/org/ccil/cowan/tagsoup/tagsoup/1.2.1/tagsoup-1.2.1.jar:/home/pioc/.m2/repository/io/rest-assured/json-path/5.4.0/json-path-5.4.0.jar:/home/pioc/.m2/repository/org/apache/groovy/groovy-json/4.0.16/groovy-json-4.0.16.jar:/home/pioc/.m2/repository/io/rest-assured/rest-assured-common/5.4.0/rest-assured-common-5.4.0.jar:/home/pioc/.m2/repository/io/rest-assured/xml-path/5.4.0/xml-path-5.4.0.jar:/home/pioc/.m2/repository/org/assertj/assertj-core/3.22.0/assertj-core-3.22.0.jar:/home/pioc/.m2/repository/io/github/bonigarcia/webdrivermanager/5.5.3/webdrivermanager-5.5.3.jar:/home/pioc/.m2/repository/com/google/code/gson/gson/2.10.1/gson-2.10.1.jar:/home/pioc/.m2/repository/com/github/docker-java/docker-java/3.3.3/docker-java-3.3.3.jar:/home/pioc/.m2/repository/com/github/docker-java/docker-java-core/3.3.3/docker-java-core-3.3.3.jar:/home/pioc/.m2/repository/com/github/docker-java/docker-java-api/3.3.3/docker-java-api-3.3.3.jar:/home/pioc/.m2/repository/com/fasterxml/jackson/core/jackson-annotations/2.10.3/jackson-annotations-2.10.3.jar:/home/pioc/.m2/repository/org/apache/commons/commons-compress/1.21/commons-compress-1.21.jar:/home/pioc/.m2/repository/com/fasterxml/jackson/core/jackson-databind/2.10.3/jackson-databind-2.10.3.jar:/home/pioc/.m2/repository/com/fasterxml/jackson/core/jackson-core/2.10.3/jackson-core-2.10.3.jar:/home/pioc/.m2/repository/org/bouncycastle/bcpkix-jdk18on/1.75/bcpkix-jdk18on-1.75.jar:/home/pioc/.m2/repository/org/bouncycastle/bcprov-jdk18on/1.75/bcprov-jdk18on-1.75.jar:/home/pioc/.m2/repository/org/bouncycastle/bcutil-jdk18on/1.75/bcutil-jdk18on-1.75.jar:/home/pioc/.m2/repository/org/slf4j/jcl-over-slf4j/1.7.30/jcl-over-slf4j-1.7.30.jar:/home/pioc/.m2/repository/com/github/docker-java/docker-java-transport-httpclient5/3.3.3/docker-java-transport-httpclient5-3.3.3.jar:/home/pioc/.m2/repository/com/github/docker-java/docker-java-transport/3.3.3/docker-java-transport-3.3.3.jar:/home/pioc/.m2/repository/net/java/dev/jna/jna/5.12.1/jna-5.12.1.jar:/home/pioc/.m2/repository/org/brotli/dec/0.1.2/dec-0.1.2.jar:/home/pioc/.m2/repository/org/apache/commons/commons-lang3/3.13.0/commons-lang3-3.13.0.jar:/home/pioc/.m2/repository/org/apache/httpcomponents/client5/httpclient5/5.2.1/httpclient5-5.2.1.jar:/home/pioc/.m2/repository/org/apache/httpcomponents/core5/httpcore5/5.2/httpcore5-5.2.jar:/home/pioc/.m2/repository/org/apache/httpcomponents/core5/httpcore5-h2/5.2/httpcore5-h2-5.2.jar:/home/pioc/.m2/repository/org/projectlombok/lombok/1.18.30/lombok-1.18.30.jar:/home/pioc/.m2/repository/org/seleniumhq/selenium/selenium-java/4.14.1/selenium-java-4.14.1.jar:/home/pioc/.m2/repository/org/seleniumhq/selenium/selenium-chrome-driver/4.14.1/selenium-chrome-driver-4.14.1.jar:/home/pioc/.m2/repository/com/google/auto/service/auto-service-annotations/1.1.1/auto-service-annotations-1.1.1.jar:/home/pioc/.m2/repository/org/seleniumhq/selenium/selenium-chromium-driver/4.14.1/selenium-chromium-driver-4.14.1.jar:/home/pioc/.m2/repository/org/seleniumhq/selenium/selenium-json/4.14.1/selenium-json-4.14.1.jar:/home/pioc/.m2/repository/org/seleniumhq/selenium/selenium-manager/4.14.1/selenium-manager-4.14.1.jar:/home/pioc/.m2/repository/org/seleniumhq/selenium/selenium-devtools-v116/4.14.1/selenium-devtools-v116-4.14.1.jar:/home/pioc/.m2/repository/org/seleniumhq/selenium/selenium-devtools-v117/4.14.1/selenium-devtools-v117-4.14.1.jar:/home/pioc/.m2/repository/org/seleniumhq/selenium/selenium-devtools-v118/4.14.1/selenium-devtools-v118-4.14.1.jar:/home/pioc/.m2/repository/org/seleniumhq/selenium/selenium-devtools-v85/4.14.1/selenium-devtools-v85-4.14.1.jar:/home/pioc/.m2/repository/org/seleniumhq/selenium/selenium-edge-driver/4.14.1/selenium-edge-driver-4.14.1.jar:/home/pioc/.m2/repository/org/seleniumhq/selenium/selenium-firefox-driver/4.14.1/selenium-firefox-driver-4.14.1.jar:/home/pioc/.m2/repository/org/seleniumhq/selenium/selenium-http/4.14.1/selenium-http-4.14.1.jar:/home/pioc/.m2/repository/dev/failsafe/failsafe/3.3.2/failsafe-3.3.2.jar:/home/pioc/.m2/repository/org/seleniumhq/selenium/selenium-ie-driver/4.14.1/selenium-ie-driver-4.14.1.jar:/home/pioc/.m2/repository/org/seleniumhq/selenium/selenium-remote-driver/4.14.1/selenium-remote-driver-4.14.1.jar:/home/pioc/.m2/repository/io/opentelemetry/opentelemetry-api/1.28.0/opentelemetry-api-1.28.0.jar:/home/pioc/.m2/repository/io/opentelemetry/opentelemetry-context/1.28.0/opentelemetry-context-1.28.0.jar:/home/pioc/.m2/repository/io/opentelemetry/opentelemetry-exporter-logging/1.28.0/opentelemetry-exporter-logging-1.28.0.jar:/home/pioc/.m2/repository/io/opentelemetry/opentelemetry-sdk-metrics/1.28.0/opentelemetry-sdk-metrics-1.28.0.jar:/home/pioc/.m2/repository/io/opentelemetry/opentelemetry-extension-incubator/1.28.0-alpha/opentelemetry-extension-incubator-1.28.0-alpha.jar:/home/pioc/.m2/repository/io/opentelemetry/opentelemetry-sdk-logs/1.28.0/opentelemetry-sdk-logs-1.28.0.jar:/home/pioc/.m2/repository/io/opentelemetry/opentelemetry-sdk-common/1.28.0/opentelemetry-sdk-common-1.28.0.jar:/home/pioc/.m2/repository/io/opentelemetry/opentelemetry-sdk-extension-autoconfigure-spi/1.28.0/opentelemetry-sdk-extension-autoconfigure-spi-1.28.0.jar:/home/pioc/.m2/repository/io/opentelemetry/opentelemetry-sdk-extension-autoconfigure/1.28.0/opentelemetry-sdk-extension-autoconfigure-1.28.0.jar:/home/pioc/.m2/repository/io/opentelemetry/opentelemetry-api-events/1.28.0-alpha/opentelemetry-api-events-1.28.0-alpha.jar:/home/pioc/.m2/repository/io/opentelemetry/opentelemetry-sdk-trace/1.28.0/opentelemetry-sdk-trace-1.28.0.jar:/home/pioc/.m2/repository/io/opentelemetry/opentelemetry-sdk/1.28.0/opentelemetry-sdk-1.28.0.jar:/home/pioc/.m2/repository/io/opentelemetry/opentelemetry-semconv/1.28.0-alpha/opentelemetry-semconv-1.28.0-alpha.jar:/home/pioc/.m2/repository/net/bytebuddy/byte-buddy/1.14.5/byte-buddy-1.14.5.jar:/home/pioc/.m2/repository/org/seleniumhq/selenium/selenium-os/4.14.1/selenium-os-4.14.1.jar:/home/pioc/.m2/repository/org/apache/commons/commons-exec/1.3/commons-exec-1.3.jar:/home/pioc/.m2/repository/org/seleniumhq/selenium/selenium-safari-driver/4.14.1/selenium-safari-driver-4.14.1.jar:/home/pioc/.m2/repository/org/seleniumhq/selenium/selenium-support/4.14.1/selenium-support-4.14.1.jar:/home/pioc/.m2/repository/com/codeborne/selenide/7.0.0/selenide-7.0.0.jar:/home/pioc/.m2/repository/com/google/guava/guava/32.1.3-jre/guava-32.1.3-jre.jar:/home/pioc/.m2/repository/com/google/guava/failureaccess/1.0.1/failureaccess-1.0.1.jar:/home/pioc/.m2/repository/com/google/guava/listenablefuture/9999.0-empty-to-avoid-conflict-with-guava/listenablefuture-9999.0-empty-to-avoid-conflict-with-guava.jar:/home/pioc/.m2/repository/com/google/code/findbugs/jsr305/3.0.2/jsr305-3.0.2.jar:/home/pioc/.m2/repository/org/checkerframework/checker-qual/3.37.0/checker-qual-3.37.0.jar:/home/pioc/.m2/repository/com/google/errorprone/error_prone_annotations/2.21.1/error_prone_annotations-2.21.1.jar:/home/pioc/.m2/repository/com/google/j2objc/j2objc-annotations/2.8/j2objc-annotations-2.8.jar:/home/pioc/.m2/repository/commons-io/commons-io/2.14.0/commons-io-2.14.0.jar:/home/pioc/.m2/repository/com/codeborne/selenide-core/7.0.0/selenide-core-7.0.0.jar:/home/pioc/.m2/repository/org/opentest4j/opentest4j/1.3.0/opentest4j-1.3.0.jar:/home/pioc/.m2/repository/org/seleniumhq/selenium/selenium-api/4.16.1/selenium-api-4.16.1.jar:/home/pioc/.m2/repository/org/aeonbits/owner/owner/1.0.10/owner-1.0.10.jar:/home/pioc/.m2/repository/io/qameta/allure/allure-selenide/2.25.0/allure-selenide-2.25.0.jar:/home/pioc/.m2/repository/org/testng/testng/7.9.0/testng-7.9.0.jar:/home/pioc/.m2/repository/com/beust/jcommander/1.82/jcommander-1.82.jar:/home/pioc/.m2/repository/org/webjars/jquery/3.7.1/jquery-3.7.1.jar:/home/pioc/.m2/repository/org/apache/maven/plugins/maven-resources-plugin/3.3.1/maven-resources-plugin-3.3.1.jar:/home/pioc/.m2/repository/org/codehaus/plexus/plexus-interpolation/1.26/plexus-interpolation-1.26.jar:/home/pioc/.m2/repository/org/codehaus/plexus/plexus-utils/3.5.1/plexus-utils-3.5.1.jar:/home/pioc/.m2/repository/org/apache/maven/shared/maven-filtering/3.3.1/maven-filtering-3.3.1.jar:/home/pioc/.m2/repository/javax/inject/javax.inject/1/javax.inject-1.jar:/home/pioc/.m2/repository/org/sonatype/plexus/plexus-build-api/0.0.7/plexus-build-api-0.0.7.jar:"/>
    <property name="java.vm.vendor" value="Ubuntu"/>
    <property name="sun.arch.data.model" value="64"/>
    <property name="java.vendor.url" value="https://ubuntu.com/"/>
    <property name="user.timezone" value="Europe/Moscow"/>
    <property name="os.name" value="Linux"/>
    <property name="java.vm.specification.version" value="17"/>
    <property name="sun.java.launcher" value="SUN_STANDARD"/>
    <property name="user.country" value="US"/>
    <property name="sun.boot.library.path" value="/usr/lib/jvm/java-17-openjdk-amd64/lib"/>
    <property name="sun.java.command" value="/home/pioc/Downloads/intern-testing-framework/target/surefire/surefirebooter-20250216190812535_3.jar /home/pioc/Downloads/intern-testing-framework/target/surefire 2025-02-16T19-08-12_451-jvmRun1 surefire-20250216190812535_1tmp surefire_0-20250216190812535_2tmp"/>
    <property name="jdk.debug" value="release"/>
    <property name="surefire.test.class.path" value="/home/pioc/Downloads/intern-testing-framework/target/test-classes:/home/pioc/Downloads/intern-testing-framework/target/classes:/home/pioc/.m2/repository/org/slf4j/slf4j-simple/2.0.11/slf4j-simple-2.0.11.jar:/home/pioc/.m2/repository/org/slf4j/slf4j-api/2.0.11/slf4j-api-2.0.11.jar:/home/pioc/.m2/repository/io/qameta/allure/allure-testng/2.20.1/allure-testng-2.20.1.jar:/home/pioc/.m2/repository/io/qameta/allure/allure-java-commons/2.20.1/allure-java-commons-2.20.1.jar:/home/pioc/.m2/repository/io/qameta/allure/allure-model/2.20.1/allure-model-2.20.1.jar:/home/pioc/.m2/repository/io/qameta/allure/allure-test-filter/2.20.1/allure-test-filter-2.20.1.jar:/home/pioc/.m2/repository/io/rest-assured/rest-assured/5.4.0/rest-assured-5.4.0.jar:/home/pioc/.m2/repository/org/apache/groovy/groovy/4.0.16/groovy-4.0.16.jar:/home/pioc/.m2/repository/org/apache/groovy/groovy-xml/4.0.16/groovy-xml-4.0.16.jar:/home/pioc/.m2/repository/org/apache/httpcomponents/httpclient/4.5.13/httpclient-4.5.13.jar:/home/pioc/.m2/repository/org/apache/httpcomponents/httpcore/4.4.13/httpcore-4.4.13.jar:/home/pioc/.m2/repository/commons-logging/commons-logging/1.2/commons-logging-1.2.jar:/home/pioc/.m2/repository/commons-codec/commons-codec/1.11/commons-codec-1.11.jar:/home/pioc/.m2/repository/org/apache/httpcomponents/httpmime/4.5.13/httpmime-4.5.13.jar:/home/pioc/.m2/repository/org/hamcrest/hamcrest/2.2/hamcrest-2.2.jar:/home/pioc/.m2/repository/org/ccil/cowan/tagsoup/tagsoup/1.2.1/tagsoup-1.2.1.jar:/home/pioc/.m2/repository/io/rest-assured/json-path/5.4.0/json-path-5.4.0.jar:/home/pioc/.m2/repository/org/apache/groovy/groovy-json/4.0.16/groovy-json-4.0.16.jar:/home/pioc/.m2/repository/io/rest-assured/rest-assured-common/5.4.0/rest-assured-common-5.4.0.jar:/home/pioc/.m2/repository/io/rest-assured/xml-path/5.4.0/xml-path-5.4.0.jar:/home/pioc/.m2/repository/org/assertj/assertj-core/3.22.0/assertj-core-3.22.0.jar:/home/pioc/.m2/repository/io/github/bonigarcia/webdrivermanager/5.5.3/webdrivermanager-5.5.3.jar:/home/pioc/.m2/repository/com/google/code/gson/gson/2.10.1/gson-2.10.1.jar:/home/pioc/.m2/repository/com/github/docker-java/docker-java/3.3.3/docker-java-3.3.3.jar:/home/pioc/.m2/repository/com/github/docker-java/docker-java-core/3.3.3/docker-java-core-3.3.3.jar:/home/pioc/.m2/repository/com/github/docker-java/docker-java-api/3.3.3/docker-java-api-3.3.3.jar:/home/pioc/.m2/repository/com/fasterxml/jackson/core/jackson-annotations/2.10.3/jackson-annotations-2.10.3.jar:/home/pioc/.m2/repository/org/apache/commons/commons-compress/1.21/commons-compress-1.21.jar:/home/pioc/.m2/repository/com/fasterxml/jackson/core/jackson-databind/2.10.3/jackson-databind-2.10.3.jar:/home/pioc/.m2/repository/com/fasterxml/jackson/core/jackson-core/2.10.3/jackson-core-2.10.3.jar:/home/pioc/.m2/repository/org/bouncycastle/bcpkix-jdk18on/1.75/bcpkix-jdk18on-1.75.jar:/home/pioc/.m2/repository/org/bouncycastle/bcprov-jdk18on/1.75/bcprov-jdk18on-1.75.jar:/home/pioc/.m2/repository/org/bouncycastle/bcutil-jdk18on/1.75/bcutil-jdk18on-1.75.jar:/home/pioc/.m2/repository/org/slf4j/jcl-over-slf4j/1.7.30/jcl-over-slf4j-1.7.30.jar:/home/pioc/.m2/repository/com/github/docker-java/docker-java-transport-httpclient5/3.3.3/docker-java-transport-httpclient5-3.3.3.jar:/home/pioc/.m2/repository/com/github/docker-java/docker-java-transport/3.3.3/docker-java-transport-3.3.3.jar:/home/pioc/.m2/repository/net/java/dev/jna/jna/5.12.1/jna-5.12.1.jar:/home/pioc/.m2/repository/org/brotli/dec/0.1.2/dec-0.1.2.jar:/home/pioc/.m2/repository/org/apache/commons/commons-lang3/3.13.0/commons-lang3-3.13.0.jar:/home/pioc/.m2/repository/org/apache/httpcomponents/client5/httpclient5/5.2.1/httpclient5-5.2.1.jar:/home/pioc/.m2/repository/org/apache/httpcomponents/core5/httpcore5/5.2/httpcore5-5.2.jar:/home/pioc/.m2/repository/org/apache/httpcomponents/core5/httpcore5-h2/5.2/httpcore5-h2-5.2.jar:/home/pioc/.m2/repository/org/projectlombok/lombok/1.18.30/lombok-1.18.30.jar:/home/pioc/.m2/repository/org/seleniumhq/selenium/selenium-java/4.14.1/selenium-java-4.14.1.jar:/home/pioc/.m2/repository/org/seleniumhq/selenium/selenium-chrome-driver/4.14.1/selenium-chrome-driver-4.14.1.jar:/home/pioc/.m2/repository/com/google/auto/service/auto-service-annotations/1.1.1/auto-service-annotations-1.1.1.jar:/home/pioc/.m2/repository/org/seleniumhq/selenium/selenium-chromium-driver/4.14.1/selenium-chromium-driver-4.14.1.jar:/home/pioc/.m2/repository/org/seleniumhq/selenium/selenium-json/4.14.1/selenium-json-4.14.1.jar:/home/pioc/.m2/repository/org/seleniumhq/selenium/selenium-manager/4.14.1/selenium-manager-4.14.1.jar:/home/pioc/.m2/repository/org/seleniumhq/selenium/selenium-devtools-v116/4.14.1/selenium-devtools-v116-4.14.1.jar:/home/pioc/.m2/repository/org/seleniumhq/selenium/selenium-devtools-v117/4.14.1/selenium-devtools-v117-4.14.1.jar:/home/pioc/.m2/repository/org/seleniumhq/selenium/selenium-devtools-v118/4.14.1/selenium-devtools-v118-4.14.1.jar:/home/pioc/.m2/repository/org/seleniumhq/selenium/selenium-devtools-v85/4.14.1/selenium-devtools-v85-4.14.1.jar:/home/pioc/.m2/repository/org/seleniumhq/selenium/selenium-edge-driver/4.14.1/selenium-edge-driver-4.14.1.jar:/home/pioc/.m2/repository/org/seleniumhq/selenium/selenium-firefox-driver/4.14.1/selenium-firefox-driver-4.14.1.jar:/home/pioc/.m2/repository/org/seleniumhq/selenium/selenium-http/4.14.1/selenium-http-4.14.1.jar:/home/pioc/.m2/repository/dev/failsafe/failsafe/3.3.2/failsafe-3.3.2.jar:/home/pioc/.m2/repository/org/seleniumhq/selenium/selenium-ie-driver/4.14.1/selenium-ie-driver-4.14.1.jar:/home/pioc/.m2/repository/org/seleniumhq/selenium/selenium-remote-driver/4.14.1/selenium-remote-driver-4.14.1.jar:/home/pioc/.m2/repository/io/opentelemetry/opentelemetry-api/1.28.0/opentelemetry-api-1.28.0.jar:/home/pioc/.m2/repository/io/opentelemetry/opentelemetry-context/1.28.0/opentelemetry-context-1.28.0.jar:/home/pioc/.m2/repository/io/opentelemetry/opentelemetry-exporter-logging/1.28.0/opentelemetry-exporter-logging-1.28.0.jar:/home/pioc/.m2/repository/io/opentelemetry/opentelemetry-sdk-metrics/1.28.0/opentelemetry-sdk-metrics-1.28.0.jar:/home/pioc/.m2/repository/io/opentelemetry/opentelemetry-extension-incubator/1.28.0-alpha/opentelemetry-extension-incubator-1.28.0-alpha.jar:/home/pioc/.m2/repository/io/opentelemetry/opentelemetry-sdk-logs/1.28.0/opentelemetry-sdk-logs-1.28.0.jar:/home/pioc/.m2/repository/io/opentelemetry/opentelemetry-sdk-common/1.28.0/opentelemetry-sdk-common-1.28.0.jar:/home/pioc/.m2/repository/io/opentelemetry/opentelemetry-sdk-extension-autoconfigure-spi/1.28.0/opentelemetry-sdk-extension-autoconfigure-spi-1.28.0.jar:/home/pioc/.m2/repository/io/opentelemetry/opentelemetry-sdk-extension-autoconfigure/1.28.0/opentelemetry-sdk-extension-autoconfigure-1.28.0.jar:/home/pioc/.m2/repository/io/opentelemetry/opentelemetry-api-events/1.28.0-alpha/opentelemetry-api-events-1.28.0-alpha.jar:/home/pioc/.m2/repository/io/opentelemetry/opentelemetry-sdk-trace/1.28.0/opentelemetry-sdk-trace-1.28.0.jar:/home/pioc/.m2/repository/io/opentelemetry/opentelemetry-sdk/1.28.0/opentelemetry-sdk-1.28.0.jar:/home/pioc/.m2/repository/io/opentelemetry/opentelemetry-semconv/1.28.0-alpha/opentelemetry-semconv-1.28.0-alpha.jar:/home/pioc/.m2/repository/net/bytebuddy/byte-buddy/1.14.5/byte-buddy-1.14.5.jar:/home/pioc/.m2/repository/org/seleniumhq/selenium/selenium-os/4.14.1/selenium-os-4.14.1.jar:/home/pioc/.m2/repository/org/apache/commons/commons-exec/1.3/commons-exec-1.3.jar:/home/pioc/.m2/repository/org/seleniumhq/selenium/selenium-safari-driver/4.14.1/selenium-safari-driver-4.14.1.jar:/home/pioc/.m2/repository/org/seleniumhq/selenium/selenium-support/4.14.1/selenium-support-4.14.1.jar:/home/pioc/.m2/repository/com/codeborne/selenide/7.0.0/selenide-7.0.0.jar:/home/pioc/.m2/repository/com/google/guava/guava/32.1.3-jre/guava-32.1.3-jre.jar:/home/pioc/.m2/repository/com/google/guava/failureaccess/1.0.1/failureaccess-1.0.1.jar:/home/pioc/.m2/repository/com/google/guava/listenablefuture/9999.0-empty-to-avoid-conflict-with-guava/listenablefuture-9999.0-empty-to-avoid-conflict-with-guava.jar:/home/pioc/.m2/repository/com/google/code/findbugs/jsr305/3.0.2/jsr305-3.0.2.jar:/home/pioc/.m2/repository/org/checkerframework/checker-qual/3.37.0/checker-qual-3.37.0.jar:/home/pioc/.m2/repository/com/google/errorprone/error_prone_annotations/2.21.1/error_prone_annotations-2.21.1.jar:/home/pioc/.m2/repository/com/google/j2objc/j2objc-annotations/2.8/j2objc-annotations-2.8.jar:/home/pioc/.m2/repository/commons-io/commons-io/2.14.0/commons-io-2.14.0.jar:/home/pioc/.m2/repository/com/codeborne/selenide-core/7.0.0/selenide-core-7.0.0.jar:/home/pioc/.m2/repository/org/opentest4j/opentest4j/1.3.0/opentest4j-1.3.0.jar:/home/pioc/.m2/repository/org/seleniumhq/selenium/selenium-api/4.16.1/selenium-api-4.16.1.jar:/home/pioc/.m2/repository/org/aeonbits/owner/owner/1.0.10/owner-1.0.10.jar:/home/pioc/.m2/repository/io/qameta/allure/allure-selenide/2.25.0/allure-selenide-2.25.0.jar:/home/pioc/.m2/repository/org/testng/testng/7.9.0/testng-7.9.0.jar:/home/pioc/.m2/repository/com/beust/jcommander/1.82/jcommander-1.82.jar:/home/pioc/.m2/repository/org/webjars/jquery/3.7.1/jquery-3.7.1.jar:/home/pioc/.m2/repository/org/apache/maven/plugins/maven-resources-plugin/3.3.1/maven-resources-plugin-3.3.1.jar:/home/pioc/.m2/repository/org/codehaus/plexus/plexus-interpolation/1.26/plexus-interpolation-1.26.jar:/home/pioc/.m2/repository/org/codehaus/plexus/plexus-utils/3.5.1/plexus-utils-3.5.1.jar:/home/pioc/.m2/repository/org/apache/maven/shared/maven-filtering/3.3.1/maven-filtering-3.3.1.jar:/home/pioc/.m2/repository/javax/inject/javax.inject/1/javax.inject-1.jar:/home/pioc/.m2/repository/org/sonatype/plexus/plexus-build-api/0.0.7/plexus-build-api-0.0.7.jar:"/>
    <property name="allure.results.directory" value="/home/pioc/Downloads/intern-testing-framework/target/allure-results"/>
    <property name="sun.cpu.endian" value="little"/>
    <property name="user.home" value="/home/pioc"/>
    <property name="user.language" value="en"/>
    <property name="java.specification.vendor" value="Oracle Corporation"/>
    <property name="java.version.date" value="2025-01-21"/>
    <property name="java.home" value="/usr/lib/jvm/java-17-openjdk-amd64"/>
    <property name="file.separator" value="/"/>
    <property name="basedir" value="/home/pioc/Downloads/intern-testing-framework"/>
    <property name="java.vm.compressedOopsMode" value="Zero based"/>
    <property name="line.separator" value="&#10;"/>
    <property name="java.specification.name" value="Java Platform API Specification"/>
    <property name="java.vm.specification.vendor" value="Oracle Corporation"/>
    <property name="surefire.real.class.path" value="/home/pioc/Downloads/intern-testing-framework/target/surefire/surefirebooter-20250216190812535_3.jar"/>
    <property name="sun.management.compiler" value="HotSpot 64-Bit Tiered Compilers"/>
    <property name="java.runtime.version" value="17.0.14+7-Ubuntu-120.04"/>
    <property name="user.name" value="pioc"/>
    <property name="path.separator" value=":"/>
    <property name="os.version" value="5.15.0-131-generic"/>
    <property name="java.runtime.name" value="OpenJDK Runtime Environment"/>
    <property name="file.encoding" value="UTF-8"/>
    <property name="java.vm.name" value="OpenJDK 64-Bit Server VM"/>
    <property name="localRepository" value="/home/pioc/.m2/repository"/>
    <property name="java.vendor.url.bug" value="https://bugs.launchpad.net/ubuntu/+source/openjdk-17"/>
    <property name="java.io.tmpdir" value="/tmp"/>
    <property name="java.version" value="17.0.14"/>
    <property name="user.dir" value="/home/pioc/Downloads/intern-testing-framework"/>
    <property name="os.arch" value="amd64"/>
    <property name="java.vm.specification.name" value="Java Virtual Machine Specification"/>
    <property name="native.encoding" value="UTF-8"/>
    <property name="java.library.path" value="/usr/java/packages/lib:/usr/lib/x86_64-linux-gnu/jni:/lib/x86_64-linux-gnu:/usr/lib/x86_64-linux-gnu:/usr/lib/jni:/lib:/usr/lib"/>
    <property name="java.vm.info" value="mixed mode, sharing"/>
    <property name="java.vendor" value="Ubuntu"/>
    <property name="java.vm.version" value="17.0.14+7-Ubuntu-120.04"/>
    <property name="java.specification.maintenance.version" value="1"/>
    <property name="sun.io.unicode.encoding" value="UnicodeLittle"/>
    <property name="java.class.version" value="61.0"/>
  </properties>
  <testcase name="createAdvertisementWithFullFieldsTest" classname="tests.ui.CreateAdv.CreateAdvWithAllFieldsTest" time="21.598">
    <system-err><![CDATA[[main] INFO io.github.bonigarcia.wdm.WebDriverManager - Using chromedriver 133.0.6943.98 (resolved driver for Chrome 133)
[main] INFO io.github.bonigarcia.wdm.WebDriverManager - Exporting webdriver.chrome.driver as /home/pioc/.cache/selenium/chromedriver/linux64/133.0.6943.98/chromedriver
[main] INFO com.codeborne.selenide.impl.WebDriverThreadLocalContainer - No webdriver is bound to current thread: 1 - let's create a new webdriver
[main] INFO com.codeborne.selenide.impl.FileHelper - Creating folder: /home/pioc/Downloads/intern-testing-framework/build/downloads/1739722097088_189357_1
Feb 16, 2025 7:08:18 PM org.openqa.selenium.devtools.CdpVersionFinder findNearestMatch
WARNING: Unable to find CDP implementation matching 133
Feb 16, 2025 7:08:18 PM org.openqa.selenium.chromium.ChromiumDriver lambda$new$5
WARNING: Unable to find version of CDP to use for 133.0.6943.53. You may need to include a dependency on a specific version of the CDP using something similar to `org.seleniumhq.selenium:selenium-devtools-v86:4.16.1` where the version ("v86") matches the version of the chromium-based browser you're using and the version number of the artifact is the same as Selenium's.
[main] INFO com.codeborne.selenide.webdriver.WebDriverFactory - BrowserName=chrome Version=133.0.6943.53 Platform=linux
[main] INFO com.codeborne.selenide.webdriver.WebDriverFactory - Selenide v. 7.0.0
[main] INFO com.codeborne.selenide.webdriver.WebDriverFactory - Selenium WebDriver v. 4.16.1 build revision: 9b4c83354e
[main] INFO com.codeborne.selenide.drivercommands.CreateDriverCommand - Created webdriver in thread 1: ChromeDriver -> ChromeDriver: chrome on linux (a6d215e3f884147f3b8fe855085a6c7c), downloadsFolder: /home/pioc/Downloads/intern-testing-framework/build/downloads/1739722097088_189357_1
[main] INFO com.codeborne.selenide.drivercommands.DisposablesRegistry - Register WebDriverInstance[config=StaticConfig, webDriver=ChromeDriver: chrome on linux (a6d215e3f884147f3b8fe855085a6c7c), proxy=null, downloadsFolder=/home/pioc/Downloads/intern-testing-framework/build/downloads/1739722097088_189357_1] in 1 [size=1]
[main] INFO com.codeborne.selenide.drivercommands.DisposablesRegistry - Add shutdown hook in 1 [size=1]
]]></system-err>
  </testcase>
  <testcase name="searchAndGoToAdvertisementTest" classname="tests.ui.CreateAdv.CreateAdvWithAllFieldsTest" time="7.067">
    <system-err><![CDATA[[main] INFO io.github.bonigarcia.wdm.WebDriverManager - Using chromedriver 133.0.6943.98 (resolved driver for Chrome 133)
[main] INFO io.github.bonigarcia.wdm.WebDriverManager - Exporting webdriver.chrome.driver as /home/pioc/.cache/selenium/chromedriver/linux64/133.0.6943.98/chromedriver
]]></system-err>
  </testcase>
  <testcase name="createAdvertisementWithoutDescriptionFieldTest" classname="tests.ui.CreateAdv.CreateAdvWithoutDescriptionFieldTest" time="11.013">
    <system-err><![CDATA[[main] INFO io.github.bonigarcia.wdm.WebDriverManager - Using chromedriver 133.0.6943.98 (resolved driver for Chrome 133)
[main] INFO io.github.bonigarcia.wdm.WebDriverManager - Exporting webdriver.chrome.driver as /home/pioc/.cache/selenium/chromedriver/linux64/133.0.6943.98/chromedriver
]]></system-err>
  </testcase>
  <testcase name="searchAdvertisementTest" classname="tests.ui.CreateAdv.CreateAdvWithoutDescriptionFieldTest" time="3.086">
    <system-err><![CDATA[[main] INFO io.github.bonigarcia.wdm.WebDriverManager - Using chromedriver 133.0.6943.98 (resolved driver for Chrome 133)
[main] INFO io.github.bonigarcia.wdm.WebDriverManager - Exporting webdriver.chrome.driver as /home/pioc/.cache/selenium/chromedriver/linux64/133.0.6943.98/chromedriver
]]></system-err>
  </testcase>
  <testcase name="createAndEditAndSaveAdvertisementTest" classname="tests.ui.EditAdv.EditAdvertisementTest" time="11.399">
    <system-err><![CDATA[[main] INFO io.github.bonigarcia.wdm.WebDriverManager - Using chromedriver 133.0.6943.98 (resolved driver for Chrome 133)
[main] INFO io.github.bonigarcia.wdm.WebDriverManager - Exporting webdriver.chrome.driver as /home/pioc/.cache/selenium/chromedriver/linux64/133.0.6943.98/chromedriver
]]></system-err>
  </testcase>
  <testcase name="searchAndGoToAdvertisementTest" classname="tests.ui.EditAdv.EditAdvertisementTest" time="4.851">
    <system-err><![CDATA[[main] INFO io.github.bonigarcia.wdm.WebDriverManager - Using chromedriver 133.0.6943.98 (resolved driver for Chrome 133)
[main] INFO io.github.bonigarcia.wdm.WebDriverManager - Exporting webdriver.chrome.driver as /home/pioc/.cache/selenium/chromedriver/linux64/133.0.6943.98/chromedriver
]]></system-err>
  </testcase>
  <testcase name="editAndSaveAdvertisementTest" classname="tests.ui.EditAdv.EditAdvertisementTest" time="3.995">
    <system-out><![CDATA[Request method:	GET
Request URI:	http://tech-avito-intern.jumpingcrab.com/api/advertisements/8eb0
Proxy:			<none>
Request params:	<none>
Query params:	<none>
Form params:	<none>
Path params:	<none>
Headers:		Accept=application/json, application/javascript, text/javascript, text/json
				Content-Type=application/json
Cookies:		<none>
Multiparts:		<none>
Body:			<none>
HTTP/1.1 200 OK
access-control-allow-origin: *
x-powered-by: tinyhttp
access-control-allow-methods: GET, HEAD, PUT, PATCH, POST, DELETE
access-control-allow-headers: content-type
content-type: application/json
date: Sun, 16 Feb 2025 16:07:34 GMT
connection: close
content-length: 263

{
    "id": "8eb0",
    "name": "TviyYUu",
    "price": "180",
    "description": "T ZXiYUVGxLb. hKmIWdZolr.",
    "imageUrl": "https://i.pinimg.com/736x/28/f0/e3/28f0e30e9643b90de06eaac32f59491f.jpg",
    "createdAt": "2025-02-16T16:09:11.177Z",
    "views": 0,
    "likes": 0
}
]]></system-out>
    <system-err><![CDATA[[main] INFO io.github.bonigarcia.wdm.WebDriverManager - Using chromedriver 133.0.6943.98 (resolved driver for Chrome 133)
[main] INFO io.github.bonigarcia.wdm.WebDriverManager - Exporting webdriver.chrome.driver as /home/pioc/.cache/selenium/chromedriver/linux64/133.0.6943.98/chromedriver
]]></system-err>
  </testcase>
  <testcase name="searchAndGoToAdvertisementTest" classname="tests.ui.FilterSortAdvTest" time="11.427">
    <system-err><![CDATA[[main] INFO io.github.bonigarcia.wdm.WebDriverManager - Using chromedriver 133.0.6943.98 (resolved driver for Chrome 133)
[main] INFO io.github.bonigarcia.wdm.WebDriverManager - Exporting webdriver.chrome.driver as /home/pioc/.cache/selenium/chromedriver/linux64/133.0.6943.98/chromedriver
]]></system-err>
  </testcase>
</testsuite>