<?xml version="1.0" encoding="UTF-8"?>
<!-- Generated by org.testng.reporters.JUnitReportReporter -->
<testsuite hostname="user22-TM1701" failures="0" tests="2" name="tests.ui.CreateAdv.CreateAdvWithAllFieldsTest" time="31.053" errors="0" timestamp="2025-02-16T19:09:31 MSK" skipped="0">
  <testcase classname="tests.ui.CreateAdv.CreateAdvWithAllFieldsTest" name="createAdvertisementWithFullFieldsTest" time="23.971"/>
  <testcase classname="tests.ui.CreateAdv.CreateAdvWithAllFieldsTest" name="searchAndGoToAdvertisementTest" time="7.082"/>
</testsuite> <!-- tests.ui.CreateAdv.CreateAdvWithAllFieldsTest -->
