<?xml version="1.0" encoding="UTF-8"?>
<!-- Generated by org.testng.reporters.JUnitReportReporter -->
<testsuite hostname="user22-TM1701" failures="0" tests="3" name="tests.ui.EditAdv.EditAdvertisementTest" time="20.274" errors="0" timestamp="2025-02-16T19:09:31 MSK" skipped="0">
  <testcase classname="tests.ui.EditAdv.EditAdvertisementTest" name="editAndSaveAdvertisementTest" time="4.003"/>
  <testcase classname="tests.ui.EditAdv.EditAdvertisementTest" name="createAndEditAndSaveAdvertisementTest" time="11.411"/>
  <testcase classname="tests.ui.EditAdv.EditAdvertisementTest" name="searchAndGoToAdvertisementTest" time="4.860"/>
</testsuite> <!-- tests.ui.EditAdv.EditAdvertisementTest -->
