<?xml version="1.0" encoding="UTF-8"?>
<!-- Generated by org.testng.reporters.JUnitReportReporter -->
<testsuite hostname="user22-TM1701" failures="0" tests="2" name="tests.ui.CreateAdv.CreateAdvWithoutDescriptionFieldTest" time="14.127" errors="0" timestamp="2025-02-16T19:09:31 MSK" skipped="0">
  <testcase classname="tests.ui.CreateAdv.CreateAdvWithoutDescriptionFieldTest" name="createAdvertisementWithoutDescriptionFieldTest" time="11.025"/>
  <testcase classname="tests.ui.CreateAdv.CreateAdvWithoutDescriptionFieldTest" name="searchAdvertisementTest" time="3.102"/>
</testsuite> <!-- tests.ui.CreateAdv.CreateAdvWithoutDescriptionFieldTest -->
